[www.techno-cure.com/index.html]
[www.techno-cure.com/wp-content/themes/techno-cure/fav.png]
[backblue.gif]
[fade.gif]
[index.html]
[www.techno-cure.com/wp-includes/js/jquery/jquery4a5f.js]
[www.techno-cure.com/wp-includes/js/jquery/jquery-migrate.min330a.js]
[www.techno-cure.com/wp-content/plugins/gravityforms/js/jquery.json.mind935.js]
[www.techno-cure.com/wp-content/plugins/gravityforms/js/gravityforms.mind935.js]
[www.techno-cure.com/wp-content/plugins/gravityforms/js/placeholders.jquery.mind935.js]
[www.techno-cure.com/xmlrpc0db0.php]
[www.techno-cure.com/wp-json/index.html]
[www.techno-cure.com/wp-json/oembed/1.0/embed2636.json]
[www.techno-cure.com/wp-json/oembed/1.0/embed0ad1]
[www.techno-cure.com/wp-content/themes/techno-cure/new-img/logo.png]
[www.techno-cure.com/about-us/index.html]
[www.techno-cure.com/services/index.html]
[www.techno-cure.com/apple-macbook-repair/index.html]
[www.techno-cure.com/services/laptop-repair-services/index.html]
[www.techno-cure.com/wp-content/uploads/2019/07/1.jpg]
[www.techno-cure.com/wp-content/uploads/2019/07/2-1.jpg]
[www.techno-cure.com/wp-content/uploads/2019/07/4-1.jpg]
[www.techno-cure.com/wp-content/uploads/2019/07/srv-2-1.jpg]
[www.techno-cure.com/wp-content/uploads/2019/07/srv-9.jpg]
[www.techno-cure.com/wp-content/uploads/2019/07/srv-11.jpg]
[www.techno-cure.com/wp-content/uploads/2019/07/srv-12.jpg]
[www.techno-cure.com/wp-content/uploads/2019/07/5.jpg]
[www.techno-cure.com/wp-content/uploads/2019/07/8.jpg]
[www.techno-cure.com/wp-content/uploads/2019/05/Image-one.jpg]
[www.techno-cure.com/wp-content/uploads/2019/05/Image-two.jpg]
[www.techno-cure.com/wp-content/uploads/2019/05/Image-three.jpg]
[www.techno-cure.com/wp-content/themes/techno-cure/new-img/footer-logo.png]
[www.techno-cure.com/services/biometric-access-control-solutions/index.html]
[www.techno-cure.com/wp-content/uploads/2019/05/Untitled-1.jpg]
[www.techno-cure.com/wp-content/themes/techno-cure/js/jquery.min.js]
[www.techno-cure.com/wp-content/themes/techno-cure/js/popper.min.js]
[www.techno-cure.com/wp-content/themes/techno-cure/js/bootstrap.min.js]
[www.techno-cure.com/wp-content/themes/techno-cure/js/owl.carousel.js]
[www.techno-cure.com/hardware-tips/index.html]
[www.techno-cure.com/wp-content/themes/techno-cure/js/navigation.js]
[www.techno-cure.com/news/index.html]
[www.techno-cure.com/contact-us/index.html]
[www.techno-cure.com/wp-content/themes/techno-cure/js/navigation.fixed.js]
[www.techno-cure.com/services/macbook-repair/index.html]
[www.techno-cure.com/wp-content/themes/techno-cure/js/wow.min.js]
[www.techno-cure.com/services/backup-solution/index.html]
[www.techno-cure.com/hardware/laptop-miscellaneous-problems-and-possible-cure/index.html]
[www.techno-cure.com/wp-content/themes/techno-cure/js/jquery.counterup.min.js]
[www.techno-cure.com/hardware/laptop-touch-pad-keyboard-related-problems-and-cure/index.html]
[www.techno-cure.com/wp-content/themes/techno-cure/js/waypoints.min.js]
[www.techno-cure.com/hardware/laptop-display-related-problems-and-possible-cure/index.html]
[www.techno-cure.com/services/accounting-solutions/index.html]
[www.techno-cure.com/wp-content/themes/techno-cure/js/tabs.min.js]
[www.techno-cure.com/services/active-directory-installation/index.html]
[www.techno-cure.com/wp-content/themes/techno-cure/js/jquery.mb.YTPlayer.min.js]
[www.techno-cure.com/services/antivirus-solutions/index.html]
[www.techno-cure.com/wp-content/themes/techno-cure/js/swiper.min.js]
[www.techno-cure.com/services/analog-pbx-system-installation/index.html]
[www.techno-cure.com/services/azure-cloud/index.html]
[www.techno-cure.com/wp-content/themes/techno-cure/js/isotope.pkgd.min.js]
[www.techno-cure.com/hardware/laptop-power-related-problems-and-possible-cure/index.html]
[www.techno-cure.com/wp-content/themes/techno-cure/js/switcher.js]
[www.techno-cure.com/wp-content/themes/techno-cure/js/modernizr.js]
[www.techno-cure.com/wp-content/themes/techno-cure/js/map.js]
[www.techno-cure.com/wp-content/themes/techno-cure/js/main.js]
[www.techno-cure.com/wp-includes/js/wp-embed.min35eb.js]
[www.techno-cure.com/index.html]
[www.techno-cure.com/wp-content/themes/techno-cure/css/bootstrap.min.css]
[www.techno-cure.com/wp-content/themes/techno-cure/fonts/fontawesome-webfont3e6e3e6e.eot]
[www.techno-cure.com/wp-content/themes/techno-cure/fonts/fontawesome-webfontd41dd41d.eot]
[www.techno-cure.com/wp-content/themes/techno-cure/fonts/fontawesome-webfont3e6e3e6e.woff2]
[www.techno-cure.com/wp-content/themes/techno-cure/fonts/fontawesome-webfont3e6e3e6e.woff]
[www.techno-cure.com/wp-content/themes/techno-cure/fonts/fontawesome-webfont3e6e3e6e.ttf]
[www.techno-cure.com/wp-content/themes/techno-cure/css/font-awesome.css]
[www.techno-cure.com/wp-content/themes/techno-cure/fonts/icomoonb522b522.eot]
[www.techno-cure.com/wp-content/themes/techno-cure/fonts/icomoonb522b522.ttf]
[www.techno-cure.com/wp-content/themes/techno-cure/fonts/icomoonb522b522.woff]
[www.techno-cure.com/wp-content/themes/techno-cure/css/icomoon.css]
[www.techno-cure.com/wp-content/themes/techno-cure/css/swiper.min.css]
[www.techno-cure.com/wp-content/themes/techno-cure/css/slider.css]
[www.techno-cure.com/wp-content/themes/techno-cure/css/animate.css]
[www.techno-cure.com/wp-content/themes/techno-cure/css/switcher.css]
[www.techno-cure.com/wp-content/themes/techno-cure/css/owl.video.play.html]
[www.techno-cure.com/wp-content/themes/techno-cure/css/owl.carousel.css]
[www.techno-cure.com/wp-content/themes/techno-cure/css/default.css]
[www.techno-cure.com/wp-content/themes/techno-cure/css/styles.css]
[www.techno-cure.com/wp-content/plugins/gravityforms/css/formreset.mind935.css]
[www.techno-cure.com/wp-content/plugins/gravityforms/css/chosen-sprite.png]
[www.techno-cure.com/wp-content/plugins/gravityforms/css/chosen-sprite@2x.png]
[www.techno-cure.com/wp-content/plugins/gravityforms/css/formsmain.mind935.css]
[www.techno-cure.com/wp-content/plugins/gravityforms/css/readyclass.mind935.css]
[www.techno-cure.com/wp-content/plugins/gravityforms/css/browsers.mind935.css]
[www.techno-cure.com/wp-includes/css/dist/block-library/style.min35eb.css]
[www.techno-cure.com/wp-content/plugins/svg-support/css/svgs-attachment35eb.css]
[www.techno-cure.com/wp-includes/wlwmanifest.html]
[www.techno-cure.com/wp-content/themes/techno-cure/new-img/icon-3-white.svg]
[www.techno-cure.com/wp-content/themes/techno-cure/new-img/icon-1.svg]
[www.techno-cure.com/wp-json/oembed/1.0/embedea2c.json]
[www.techno-cure.com/wp-json/oembed/1.0/embed7973]
[www.techno-cure.com/wp-content/themes/techno-cure/new-img/bg11.jpg]
[www.techno-cure.com/wp-content/uploads/2019/07/new.jpg]
[www.techno-cure.com/wp-content/themes/techno-cure/img/testmonials/t-2.jpg]
[www.techno-cure.com/wp-content/themes/techno-cure/img/testmonials/t-3.jpg]
[www.techno-cure.com/wp-content/themes/techno-cure/img/testmonials/t-4.jpg]
[www.techno-cure.com/wp-content/themes/techno-cure/img/testmonials/t-1.jpg]
[www.techno-cure.com/wp-content/themes/techno-cure/img/partners/partner1.png]
[www.techno-cure.com/wp-content/themes/techno-cure/img/partners/partner2.png]
[www.techno-cure.com/wp-content/themes/techno-cure/img/partners/partner3.png]
[www.techno-cure.com/wp-content/themes/techno-cure/img/partners/partner4.png]
[www.techno-cure.com/wp-content/themes/techno-cure/img/partners/partner5.png]
[www.techno-cure.com/wp-content/themes/techno-cure/img/partners/partner6.png]
[www.techno-cure.com/about-us/index.html]
[www.techno-cure.com/wp-json/oembed/1.0/embed72c7.json]
[www.techno-cure.com/wp-json/oembed/1.0/embede571]
[www.techno-cure.com/wp-content/uploads/2019/05/srv-9.jpg]
[www.techno-cure.com/wp-content/uploads/2019/05/srv-2-1.jpg]
[www.techno-cure.com/wp-content/uploads/2019/05/srv-11.jpg]
[www.techno-cure.com/wp-content/uploads/2019/05/srv-12.jpg]
[www.techno-cure.com/wp-content/uploads/2019/05/srv-10-1.jpg]
[www.techno-cure.com/wp-content/uploads/2019/05/srv-13.jpg]
[www.techno-cure.com/wp-content/uploads/2019/05/srv-14.jpg]
[www.techno-cure.com/wp-content/uploads/2019/05/srv-15.jpg]
[www.techno-cure.com/wp-content/uploads/2019/06/srv-16.jpg]
[www.techno-cure.com/wp-content/uploads/2019/06/srv-17.jpg]
[www.techno-cure.com/services/cctv-solutions/index.html]
[www.techno-cure.com/services/desktop-laptop-rental/index.html]
[www.techno-cure.com/services/desktop-repair-services/index.html]
[www.techno-cure.com/wp-content/uploads/2019/06/srv-18.jpg]
[www.techno-cure.com/wp-content/uploads/2019/05/srv-5.jpg]
[www.techno-cure.com/wp-content/uploads/2019/06/srv-19.jpg]
[www.techno-cure.com/services/firewall-and-network-security/index.html]
[www.techno-cure.com/wp-content/uploads/2019/06/srv-20.jpg]
[www.techno-cure.com/services/industrial-pc-repair-service/index.html]
[www.techno-cure.com/wp-content/uploads/2019/06/srv-21.jpg]
[www.techno-cure.com/services/industrial-pcbs-repairs/index.html]
[www.techno-cure.com/wp-content/uploads/2019/06/srv-22.jpg]
[www.techno-cure.com/services/infrastructure-design/index.html]
[www.techno-cure.com/services/internal-hard-disk/index.html]
[www.techno-cure.com/wp-content/uploads/2019/06/srv-23.jpg]
[www.techno-cure.com/wp-content/uploads/2019/06/srv-24.jpg]
[www.techno-cure.com/services/internet-solutions/index.html]
[www.techno-cure.com/services/ip-pbx-system-installation/index.html]
[www.techno-cure.com/wp-content/uploads/2019/06/srv-25.jpg]
[www.techno-cure.com/wp-content/uploads/2019/06/srv-26.jpg]
[www.techno-cure.com/wp-content/uploads/2019/06/srv-27.jpg]
[www.techno-cure.com/services/nas-storage-recovery/index.html]
[www.techno-cure.com/wp-content/uploads/2019/06/srv-28.jpg]
[www.techno-cure.com/services/office-365/index.html]
[www.techno-cure.com/wp-content/uploads/2019/06/srv-29.jpg]
[www.techno-cure.com/services/patch-management/index.html]
[www.techno-cure.com/services/plotter-rental-services/index.html]
[www.techno-cure.com/wp-content/uploads/2019/06/srv-30.jpg]
[www.techno-cure.com/wp-content/uploads/2019/06/srv-31.jpg]
[www.techno-cure.com/services/plotter-repair-services/index.html]
[www.techno-cure.com/services/pos-repair-maintenance/index.html]
[www.techno-cure.com/wp-content/uploads/2019/06/srv-32.jpg]
[www.techno-cure.com/wp-content/uploads/2019/06/srv-33.jpg]
[www.techno-cure.com/services/printer-rental-services/index.html]
[www.techno-cure.com/wp-content/uploads/2019/06/srv-36.jpg]
[www.techno-cure.com/services/printer-repair-service/index.html]
[www.techno-cure.com/services/raid-recovery/index.html]
[www.techno-cure.com/wp-content/uploads/2019/06/srv-37.jpg]
[www.techno-cure.com/wp-content/uploads/2019/05/srv-8.jpg]
[www.techno-cure.com/services/routing-and-switching/index.html]
[www.techno-cure.com/services/screen-integrations/index.html]
[www.techno-cure.com/wp-content/uploads/2019/06/srv-38.jpg]
[www.techno-cure.com/wp-content/uploads/2019/06/srv-39.jpg]
[www.techno-cure.com/services/server-repair-services/index.html]
[www.techno-cure.com/services/server-setup-and-maintenance/index.html]
[www.techno-cure.com/wp-content/uploads/2019/06/srv-40.jpg]
[www.techno-cure.com/wp-content/uploads/2019/06/srv-41.jpg]
[www.techno-cure.com/services/structured-cabling/index.html]
[www.techno-cure.com/wp-content/uploads/2019/06/srv-42.jpg]
[www.techno-cure.com/services/switch-and-routers/index.html]
[www.techno-cure.com/services/ups-repair-services/index.html]
[www.techno-cure.com/wp-content/uploads/2019/06/srv-43.jpg]
[www.techno-cure.com/wp-content/uploads/2019/06/srv-44.jpg]
[www.techno-cure.com/services/virtualization/index.html]
[www.techno-cure.com/wp-content/uploads/2019/06/srv-1.jpg]
[www.techno-cure.com/services/index.html]
[www.techno-cure.com/apple-macbook-repair/index.html]
[www.techno-cure.com/services/wireless-solutions/index.html]
[www.techno-cure.com/services/workstation-repair-services/index.html]
[www.techno-cure.com/wp-json/oembed/1.0/embed82e7.json]
[www.techno-cure.com/wp-json/oembed/1.0/embedc8b7]
[www.techno-cure.com/wp-content/uploads/2019/06/service-banner-18.jpg]
[www.techno-cure.com/wp-content/plugins/gravityforms/images/spinner.gif]
[www.techno-cure.com/wp-content/uploads/2019/06/service-inner-banner-18.jpg]
[www.google.com/recaptcha/apicf69.js]
[www.techno-cure.com/services/laptop-repair-services/index.html]
[www.techno-cure.com/plotter-repair-services/index.html]
[www.techno-cure.com/printer-repair-service/index.html]
[www.techno-cure.com/server-repair-services/index.html]
[www.techno-cure.com/workstation-repair-services/index.html]
[www.techno-cure.com/ups-repair-services/index.html]
[www.techno-cure.com/pos-repair-maintenance/index.html]
[www.techno-cure.com/industrial-pcbs-repairs/index.html]
[www.techno-cure.com/internet-solutions/index.html]
[www.techno-cure.com/structured-cabling/index.html]
[www.techno-cure.com/wireless-solutions/index.html]
[www.techno-cure.com/routing-and-switching/index.html]
[www.techno-cure.com/analog-pbx-system-installation/index.html]
[www.techno-cure.com/ip-pbx-system-installation/index.html]
[www.techno-cure.com/switch-and-routers/index.html]
[www.techno-cure.com/server-setup-and-maintenance/index.html]
[www.techno-cure.com/active-directory-installation/index.html]
[www.techno-cure.com/infrastructure-design/index.html]
[www.techno-cure.com/backup-solution/index.html]
[www.techno-cure.com/virtualization/index.html]
[www.techno-cure.com/office-365/index.html]
[www.techno-cure.com/azure-cloud/index.html]
[www.techno-cure.com/accounting-solutions/index.html]
[www.techno-cure.com/firewall-and-network-security/index.html]
[www.techno-cure.com/antivirus-solutions/index.html]
[www.techno-cure.com/cctv-solutions/index.html]
[www.techno-cure.com/wp-json/oembed/1.0/embedf1c9.json]
[www.techno-cure.com/wp-json/oembed/1.0/embed5f4c]
[www.techno-cure.com/wp-content/uploads/2019/05/service-banner7.jpg]
[www.techno-cure.com/wp-content/uploads/2019/05/service-inner-banner7.jpg]
[www.techno-cure.com/services/biometric-access-control-solutions/index.html]
[www.techno-cure.com/patch-management/index.html]
[www.techno-cure.com/nas-storage-recovery/index.html]
[www.techno-cure.com/raid-recovery/index.html]
[www.techno-cure.com/internal-hard-disk/index.html]
[www.techno-cure.com/desktop-laptop-rental/index.html]
[www.techno-cure.com/plotter-rental-services/index.html]
[www.techno-cure.com/printer-rental-services/index.html]
[www.techno-cure.com/wp-json/oembed/1.0/embedde41.json]
[www.techno-cure.com/wp-json/oembed/1.0/embed4007]
[www.techno-cure.com/wp-content/uploads/2019/07/7.jpg]
[www.techno-cure.com/hardware-tips/index.html]
[www.techno-cure.com/wp-json/oembed/1.0/embed6efe.json]
[www.techno-cure.com/wp-json/oembed/1.0/embedc1b2]
[www.techno-cure.com/wp-content/uploads/2019/05/image-03.jpg]
[www.techno-cure.com/wp-content/uploads/2019/05/image-02.jpg]
[www.techno-cure.com/wp-content/uploads/2019/05/image-01.jpg]
[www.techno-cure.com/news/index.html]
[www.techno-cure.com/news/rogs-geforce-rtx-gaming-laptop/index.html]
[www.techno-cure.com/news/apple-launches-new-ipad/index.html]
[www.techno-cure.com/news/iphone5-accessory-greatly-extends-its-battery-life/index.html]
[www.techno-cure.com/wp-json/oembed/1.0/embed28b0.json]
[www.techno-cure.com/wp-json/oembed/1.0/embed4de6]
[www.techno-cure.com/contact-us/index.html]
[www.techno-cure.com/wp-json/oembed/1.0/embed1f07.json]
[www.techno-cure.com/wp-json/oembed/1.0/embedf5f8]
[www.techno-cure.com/wp-content/uploads/2019/05/service-banner-4.jpg]
[www.techno-cure.com/wp-content/uploads/2019/05/service-inner-banner-4.jpg]
[www.techno-cure.com/services/macbook-repair/index.html]
[www.techno-cure.com/wp-json/oembed/1.0/embed988d.json]
[www.techno-cure.com/wp-json/oembed/1.0/embed3cfb]
[www.techno-cure.com/wp-content/uploads/2019/05/service-banner6.jpg]
[www.techno-cure.com/wp-content/uploads/2019/05/service-inner-banner6.jpg]
[www.techno-cure.com/services/backup-solution/index.html]
[www.techno-cure.com/wp-json/oembed/1.0/embede38e.json]
[www.techno-cure.com/wp-json/oembed/1.0/embedd3ae]
[www.techno-cure.com/hardware/laptop-miscellaneous-problems-and-possible-cure/index.html]
[www.techno-cure.com/wp-json/oembed/1.0/embed0fdd.json]
[www.techno-cure.com/wp-json/oembed/1.0/embed08d3]
[www.techno-cure.com/hardware/laptop-touch-pad-keyboard-related-problems-and-cure/index.html]
[www.techno-cure.com/wp-json/oembed/1.0/embed43fd.json]
[www.techno-cure.com/wp-json/oembed/1.0/embed5d28]
[www.techno-cure.com/hardware/laptop-display-related-problems-and-possible-cure/index.html]
[www.techno-cure.com/wp-json/oembed/1.0/embedb549.json]
[www.techno-cure.com/wp-json/oembed/1.0/embed6208]
[www.techno-cure.com/wp-content/uploads/2019/05/service-banner1.jpg]
[www.techno-cure.com/wp-content/uploads/2019/05/service-inner-banner.jpg]
[www.techno-cure.com/services/accounting-solutions/index.html]
[www.techno-cure.com/wp-json/oembed/1.0/embed56ea.json]
[www.techno-cure.com/wp-json/oembed/1.0/embed2051]
[www.techno-cure.com/wp-content/uploads/2019/05/service-banner2.jpg]
[www.techno-cure.com/wp-content/uploads/2019/05/service-inner-banner2.jpg]
[www.techno-cure.com/services/active-directory-installation/index.html]
[www.techno-cure.com/wp-json/oembed/1.0/embed5e45.json]
[www.techno-cure.com/wp-json/oembed/1.0/embedcae7]
[www.techno-cure.com/wp-content/uploads/2019/05/service-banner3.jpg]
[www.techno-cure.com/wp-content/uploads/2019/05/service-inner-banner3.jpg]
[www.techno-cure.com/services/antivirus-solutions/index.html]
[www.techno-cure.com/wp-json/oembed/1.0/embed11c8.json]
[www.techno-cure.com/wp-json/oembed/1.0/embed2ea4]
[www.techno-cure.com/wp-content/uploads/2019/05/service-banner4.jpg]
[www.techno-cure.com/wp-content/uploads/2019/05/service-inner-banner4.jpg]
[www.techno-cure.com/services/analog-pbx-system-installation/index.html]
[www.techno-cure.com/wp-json/oembed/1.0/embedf809.json]
[www.techno-cure.com/wp-json/oembed/1.0/embed6ce2]
[www.techno-cure.com/wp-content/uploads/2019/05/service-banner5.jpg]
[www.techno-cure.com/wp-content/uploads/2019/05/service-inner-banner5.jpg]
[www.techno-cure.com/services/azure-cloud/index.html]
[www.techno-cure.com/wp-json/oembed/1.0/embedb17c.json]
[www.techno-cure.com/wp-json/oembed/1.0/embed7569]
[www.techno-cure.com/hardware/laptop-power-related-problems-and-possible-cure/index.html]
[www.techno-cure.com/wp-content/themes/techno-cure/fonts/fontawesome-webfont3e6e3e6e.svg]
[www.techno-cure.com/wp-content/themes/techno-cure/fonts/icomoonb522b522.svg]
[www.techno-cure.com/hosting_static_404/style.css]
[www.techno-cure.com/hosting_static_404/favicon.ico]
[www.techno-cure.com/hosting_static_404/modernizr.js]
[www.techno-cure.com/hosting_static_404/script.js]
[www.techno-cure.com/wp-content/themes/techno-cure/css/owl.video.play.html]
[www.techno-cure.com/wp-content/themes/techno-cure/css/navigation.css]
[www.techno-cure.com/wp-content/plugins/gravityforms/images/gf-creditcard-icons.svg]
[www.techno-cure.com/index198a.html]
[www.techno-cure.com/indexd4a6.html]
[www.techno-cure.com/wp-json/oembed/1.0/embedcde2.json]
[www.techno-cure.com/wp-json/oembed/1.0/embed7b80]
[www.techno-cure.com/wp-content/uploads/2019/05/service-banner.jpg]
[www.techno-cure.com/services/cctv-solutions/index.html]
[www.techno-cure.com/wp-json/oembed/1.0/embed7d8d.json]
[www.techno-cure.com/wp-json/oembed/1.0/embed6bc5]
[www.techno-cure.com/wp-content/uploads/2019/06/service-banner8.jpg]
[www.techno-cure.com/services/desktop-laptop-rental/index.html]
[www.techno-cure.com/wp-json/oembed/1.0/embedac3e.json]
[www.techno-cure.com/wp-json/oembed/1.0/embed1b90]
[www.techno-cure.com/wp-content/uploads/2019/06/service-banner9.jpg]
[www.techno-cure.com/wp-content/uploads/2019/06/service-inner-banner9.jpg]
[www.techno-cure.com/services/desktop-repair-services/index.html]
[www.techno-cure.com/wp-json/oembed/1.0/embed3a8f.json]
[www.techno-cure.com/wp-json/oembed/1.0/embedbbf4]
[www.techno-cure.com/wp-content/uploads/2019/06/service-banner10.jpg]
[www.techno-cure.com/services/firewall-and-network-security/index.html]
[www.techno-cure.com/wp-json/oembed/1.0/embed2bbb.json]
[www.techno-cure.com/wp-json/oembed/1.0/embed1619]
[www.techno-cure.com/wp-content/uploads/2019/06/service-banner11.jpg]
[www.techno-cure.com/wp-content/uploads/2019/06/service-inner-banner11.jpg]
[www.techno-cure.com/services/industrial-pc-repair-service/index.html]
[www.techno-cure.com/wp-json/oembed/1.0/embedb4ed.json]
[www.techno-cure.com/wp-json/oembed/1.0/embed5abd]
[www.techno-cure.com/wp-content/uploads/2019/06/service-banner12.jpg]
[www.techno-cure.com/wp-content/uploads/2019/06/service-inner-banner-12.jpg]
[www.techno-cure.com/services/industrial-pcbs-repairs/index.html]
[www.techno-cure.com/wp-json/oembed/1.0/embede8bc.json]
[www.techno-cure.com/wp-json/oembed/1.0/embeddef6]
[www.techno-cure.com/wp-content/uploads/2019/06/service-banner14.jpg]
[www.techno-cure.com/wp-content/uploads/2019/06/service-inner-banner14.jpg]
[www.techno-cure.com/services/infrastructure-design/index.html]
[www.techno-cure.com/wp-json/oembed/1.0/embed01ad.json]
[www.techno-cure.com/wp-json/oembed/1.0/embed3bb4]
[www.techno-cure.com/wp-content/uploads/2019/06/service-banner15.jpg]
[www.techno-cure.com/wp-content/uploads/2019/06/service-inner-banner-15.jpg]
[www.techno-cure.com/services/internal-hard-disk/index.html]
[www.techno-cure.com/wp-json/oembed/1.0/embed1ac7.json]
[www.techno-cure.com/wp-json/oembed/1.0/embeded11]
[www.techno-cure.com/wp-content/uploads/2019/06/service-banner16.jpg]
[www.techno-cure.com/wp-content/uploads/2019/06/service-inner-banner-16.jpg]
[www.techno-cure.com/services/internet-solutions/index.html]
[www.techno-cure.com/wp-json/oembed/1.0/embed1a72.json]
[www.techno-cure.com/wp-json/oembed/1.0/embed8110]
[www.techno-cure.com/wp-content/uploads/2019/06/service-banner-17.jpg]
[www.techno-cure.com/wp-content/uploads/2019/06/service-inner-banner-17.jpg]
[www.techno-cure.com/services/ip-pbx-system-installation/index.html]
[www.techno-cure.com/wp-json/oembed/1.0/embed5883.json]
[www.techno-cure.com/wp-json/oembed/1.0/embed72cb]
[www.techno-cure.com/wp-content/uploads/2019/06/service-banner-19.jpg]
[www.techno-cure.com/wp-content/uploads/2019/06/service-inner-banner-19.jpg]
[www.techno-cure.com/services/nas-storage-recovery/index.html]
[www.techno-cure.com/wp-json/oembed/1.0/embed8a0b.json]
[www.techno-cure.com/wp-json/oembed/1.0/embedf1f7]
[www.techno-cure.com/wp-content/uploads/2019/06/service-banner-20.jpg]
[www.techno-cure.com/wp-content/uploads/2019/06/service-inner-banner-20.jpg]
[www.techno-cure.com/services/office-365/index.html]
[www.techno-cure.com/wp-json/oembed/1.0/embed3406.json]
[www.techno-cure.com/wp-json/oembed/1.0/embed3c4e]
[www.techno-cure.com/wp-content/uploads/2019/06/service-banner-21.jpg]
[www.techno-cure.com/wp-content/uploads/2019/06/service-inner-banner-21.jpg]
[www.techno-cure.com/services/patch-management/index.html]
[www.techno-cure.com/wp-json/oembed/1.0/embed125e.json]
[www.techno-cure.com/wp-json/oembed/1.0/embedef5c]
[www.techno-cure.com/wp-content/uploads/2019/06/service-banner-22.jpg]
[www.techno-cure.com/wp-content/uploads/2019/06/service-inner-banner-22.jpg]
[www.techno-cure.com/services/plotter-rental-services/index.html]
[www.techno-cure.com/wp-json/oembed/1.0/embed1934.json]
[www.techno-cure.com/wp-json/oembed/1.0/embed4ec0]
[www.techno-cure.com/wp-content/uploads/2019/06/service-banner-23.jpg]
[www.techno-cure.com/wp-content/uploads/2019/06/service-inner-banner-23.jpg]
[www.techno-cure.com/services/plotter-repair-services/index.html]
[www.techno-cure.com/wp-json/oembed/1.0/embedc7dd.json]
[www.techno-cure.com/wp-json/oembed/1.0/embed3ce2]
[www.techno-cure.com/wp-content/uploads/2019/06/service-banner-24.jpg]
[www.techno-cure.com/wp-content/uploads/2019/06/service-inner-banner-24.jpg]
[www.techno-cure.com/services/pos-repair-maintenance/index.html]
[www.techno-cure.com/wp-json/oembed/1.0/embed1af6.json]
[www.techno-cure.com/wp-json/oembed/1.0/embed3c22]
[www.techno-cure.com/wp-content/uploads/2019/06/service-banner-26.jpg]
[www.techno-cure.com/wp-content/uploads/2019/06/service-inner-banner-25.jpg]
[www.techno-cure.com/services/printer-rental-services/index.html]
[www.techno-cure.com/wp-json/oembed/1.0/embedfa72.json]
[www.techno-cure.com/wp-json/oembed/1.0/embedafab]
[www.techno-cure.com/wp-content/uploads/2019/06/service-banner-25.jpg]
[www.techno-cure.com/wp-content/uploads/2019/06/service-inner-banner-26.jpg]
[www.techno-cure.com/services/printer-repair-service/index.html]
[www.techno-cure.com/wp-json/oembed/1.0/embedab4e.json]
[www.techno-cure.com/wp-json/oembed/1.0/embed09d6]
[www.techno-cure.com/wp-content/uploads/2019/06/service-banner-27.jpg]
[www.techno-cure.com/wp-content/uploads/2019/06/service-inner-banner-27.jpg]
[www.techno-cure.com/services/raid-recovery/index.html]
[www.techno-cure.com/wp-json/oembed/1.0/embed745c.json]
[www.techno-cure.com/wp-json/oembed/1.0/embedaba4]
[www.techno-cure.com/wp-content/uploads/2019/06/service-banner-28.jpg]
[www.techno-cure.com/wp-content/uploads/2019/06/service-inner-banner-28.jpg]
[www.techno-cure.com/services/routing-and-switching/index.html]
[www.techno-cure.com/wp-json/oembed/1.0/embed5419.json]
[www.techno-cure.com/wp-json/oembed/1.0/embed2d3f]
[www.techno-cure.com/wp-content/uploads/2019/06/service-banner-29.jpg]
[www.techno-cure.com/wp-content/uploads/2019/06/service-inner-banner-29.jpg]
[www.techno-cure.com/services/screen-integrations/index.html]
[www.techno-cure.com/wp-json/oembed/1.0/embed6eb7.json]
[www.techno-cure.com/wp-json/oembed/1.0/embed7ff0]
[www.techno-cure.com/wp-content/uploads/2019/06/service-banner-30.jpg]
[www.techno-cure.com/wp-content/uploads/2019/06/service-inner-banner-30.jpg]
[www.techno-cure.com/services/server-repair-services/index.html]
[www.techno-cure.com/wp-json/oembed/1.0/embedc74b.json]
[www.techno-cure.com/wp-json/oembed/1.0/embed54df]
[www.techno-cure.com/wp-content/uploads/2019/06/service-banner-31.jpg]
[www.techno-cure.com/wp-content/uploads/2019/06/service-inner-banner-31.jpg]
[www.techno-cure.com/services/server-setup-and-maintenance/index.html]
[www.techno-cure.com/wp-json/oembed/1.0/embedec22.json]
[www.techno-cure.com/wp-json/oembed/1.0/embed385a]
[www.techno-cure.com/wp-content/uploads/2019/06/service-banner-32.jpg]
[www.techno-cure.com/wp-content/uploads/2019/06/service-inner-banner-32.jpg]
[www.techno-cure.com/services/structured-cabling/index.html]
[www.techno-cure.com/wp-json/oembed/1.0/embed0c2e.json]
[www.techno-cure.com/wp-json/oembed/1.0/embedc419]
[www.techno-cure.com/wp-content/uploads/2019/06/service-banner-33.jpg]
[www.techno-cure.com/wp-content/uploads/2019/06/service-inner-banner-33.jpg]
[www.techno-cure.com/services/switch-and-routers/index.html]
[www.techno-cure.com/wp-json/oembed/1.0/embed462a.json]
[www.techno-cure.com/wp-json/oembed/1.0/embed4560]
[www.techno-cure.com/wp-content/uploads/2019/06/service-banner-34.jpg]
[www.techno-cure.com/wp-content/uploads/2019/06/service-inner-banner-34.jpg]
[www.techno-cure.com/services/ups-repair-services/index.html]
[www.techno-cure.com/wp-json/oembed/1.0/embed91b6.json]
[www.techno-cure.com/wp-json/oembed/1.0/embed755b]
[www.techno-cure.com/wp-content/uploads/2019/06/service-banner-35.jpg]
[www.techno-cure.com/wp-content/uploads/2019/06/service-inner-banner-35.jpg]
[www.techno-cure.com/services/virtualization/index.html]
[www.techno-cure.com/wp-json/oembed/1.0/embed188a.json]
[www.techno-cure.com/wp-json/oembed/1.0/embedfaff]
[www.techno-cure.com/wp-content/uploads/2019/06/service-banner-36.jpg]
[www.techno-cure.com/wp-content/uploads/2019/06/service-inner-banner-36.jpg]
[www.techno-cure.com/services/wireless-solutions/index.html]
[www.techno-cure.com/wp-json/oembed/1.0/embedc56c.json]
[www.techno-cure.com/wp-json/oembed/1.0/embed1f93]
[www.techno-cure.com/wp-content/uploads/2019/06/service-banner-38.jpg]
[www.techno-cure.com/wp-content/uploads/2019/06/service-inner-banner-38.jpg]
[www.techno-cure.com/services/workstation-repair-services/index.html]
[www.techno-cure.com/index5034.html]
[www.techno-cure.com/wp-content/themes/techno-cure/bullet.svg]
[www.techno-cure.com/wp-content/uploads/2019/06/service14.svg]
[www.techno-cure.com/wp-content/uploads/2019/05/service2-2-01.svg]
[www.techno-cure.com/index1098.html]
[www.techno-cure.com/wp-content/uploads/2019/05/service7-1.svg]
[www.techno-cure.com/wp-content/uploads/2019/05/service7-2.svg]
[www.techno-cure.com/index1a26.html]
[www.techno-cure.com/indexf488.html]
[www.techno-cure.com/wp-json/oembed/1.0/embedc01b.json]
[www.techno-cure.com/wp-json/oembed/1.0/embed0b48]
[www.techno-cure.com/news/rogs-geforce-rtx-gaming-laptop/index.html]
[www.techno-cure.com/wp-json/oembed/1.0/embed178d.json]
[www.techno-cure.com/wp-json/oembed/1.0/embedf235]
[www.techno-cure.com/news/apple-launches-new-ipad/index.html]
[www.techno-cure.com/wp-json/oembed/1.0/embed701a.json]
[www.techno-cure.com/wp-json/oembed/1.0/embed8000]
[www.techno-cure.com/news/iphone5-accessory-greatly-extends-its-battery-life/index.html]
[www.techno-cure.com/index4034.html]
[www.techno-cure.com/wp-content/themes/techno-cure/new-img/bl/icon-1.svg]
[www.techno-cure.com/wp-content/themes/techno-cure/new-img/bl/icon-3.svg]
[www.techno-cure.com/index0721.html]
[www.techno-cure.com/wp-content/uploads/2019/05/service4-01.svg]
[www.techno-cure.com/wp-content/uploads/2019/05/service4-1.svg]
[www.techno-cure.com/indexcc0f.html]
[www.techno-cure.com/wp-content/uploads/2019/05/service6-3.svg]
[www.techno-cure.com/wp-content/uploads/2019/05/service6-2.svg]
[www.techno-cure.com/index8cd4.html]
[www.techno-cure.com/index7665.html]
[www.techno-cure.com/index4f61.html]
[www.techno-cure.com/index7ea6.html]
[www.techno-cure.com/wp-content/uploads/2019/05/account1.svg]
[www.techno-cure.com/wp-content/uploads/2019/05/account2.svg]
[www.techno-cure.com/index94b0.html]
[www.techno-cure.com/wp-content/uploads/2019/05/service2-1-01.svg]
[www.techno-cure.com/index4579.html]
[www.techno-cure.com/wp-content/uploads/2019/05/service3-01.svg]
[www.techno-cure.com/wp-content/uploads/2019/05/service3-1-01.svg]
[www.techno-cure.com/wp-content/uploads/2019/05/service3-2.svg]
[www.techno-cure.com/index6aed.html]
[www.techno-cure.com/wp-content/uploads/2019/05/service5-2.svg]
[www.techno-cure.com/wp-content/uploads/2019/05/service5-1.svg]
[www.techno-cure.com/index9787.html]
[www.techno-cure.com/index96f1.html]
[www.techno-cure.com/hosting_static_404/style.html]
[www.techno-cure.com/hosting_static_404/favicon.html]
[www.techno-cure.com/hosting_static_404/modernizr.html]
[www.techno-cure.com/hosting_static_404/script.html]
[www.techno-cure.com/index5051.html]
[www.techno-cure.com/wp-content/uploads/2019/06/service8.svg]
[www.techno-cure.com/index5721.html]
[www.techno-cure.com/wp-content/uploads/2019/06/service9.svg]
[www.techno-cure.com/wp-content/uploads/2019/06/service91.svg]
[www.techno-cure.com/indexc39e.html]
[www.techno-cure.com/indexc140.html]
[www.techno-cure.com/index1e11.html]
[www.techno-cure.com/index0eba.html]
[www.techno-cure.com/indexe4c6.html]
[www.techno-cure.com/wp-content/uploads/2019/05/service6.svg]
[www.techno-cure.com/wp-content/uploads/2019/06/service12.svg]
[www.techno-cure.com/index905c.html]
[www.techno-cure.com/indexba1b.html]
[www.techno-cure.com/index4659.html]
[www.techno-cure.com/wp-content/uploads/2019/06/service16.svg]
[www.techno-cure.com/wp-content/uploads/2019/06/service16-1.svg]
[www.techno-cure.com/index156c.html]
[www.techno-cure.com/wp-content/uploads/2019/06/service19.svg]
[www.techno-cure.com/wp-content/uploads/2019/06/service19-1.svg]
[www.techno-cure.com/indexb4c1.html]
[www.techno-cure.com/wp-content/uploads/2019/06/service20.svg]
[www.techno-cure.com/wp-content/uploads/2019/06/service20-1.svg]
[www.techno-cure.com/indexc902.html]
[www.techno-cure.com/wp-content/uploads/2019/06/service21.svg]
[www.techno-cure.com/wp-content/uploads/2019/06/service21-1.svg]
[www.techno-cure.com/index8c34.html]
[www.techno-cure.com/wp-content/uploads/2019/06/service22.svg]
[www.techno-cure.com/wp-content/uploads/2019/06/service22-1.svg]
[www.techno-cure.com/index6eea.html]
[www.techno-cure.com/wp-content/uploads/2019/06/service23.svg]
[www.techno-cure.com/index9fa1.html]
[www.techno-cure.com/index80c9.html]
[www.techno-cure.com/wp-content/uploads/2019/06/service24.svg]
[www.techno-cure.com/index6cd9.html]
[www.techno-cure.com/index0133.html]
[www.techno-cure.com/index1639.html]
[www.techno-cure.com/wp-content/uploads/2019/06/service27.svg]
[www.techno-cure.com/index03e1.html]
[www.techno-cure.com/wp-content/uploads/2019/06/service29.svg]
[www.techno-cure.com/wp-content/uploads/2019/06/service29-1.svg]
[www.techno-cure.com/indexa8b8.html]
[www.techno-cure.com/index4978.html]
[www.techno-cure.com/wp-content/uploads/2019/06/service30.svg]
[www.techno-cure.com/wp-content/uploads/2019/06/service30-1.svg]
[www.techno-cure.com/index88a0.html]
[www.techno-cure.com/indexcf9a.html]
[www.techno-cure.com/indexc807.html]
[www.techno-cure.com/indexa943.html]
[www.techno-cure.com/index6233.html]
[www.techno-cure.com/wp-content/uploads/2019/06/service32.svg]
[www.techno-cure.com/index03bd.html]
[www.techno-cure.com/index5791.html]
[www.techno-cure.com/index43b2.html]
[www.techno-cure.com/index1611.html]
